* 36e1ea8 : Update repo.log
* cbe1bfb : Actually update the JavaDoc
* 9a67a6d : Revert "Update JavaDoc"
* 1dab856 : Update JavaDoc
* 944a3e0 : Re-update Person B name to mine
* 9f81bd5 : Update Pizza Tests
* d662ea5 : Update customers
* f1aa2ba : Revert "Add files via upload"
* 2b98e1a : Add files via upload
* 9b82aa4 : Add files via upload
* f0983da : Add files via upload
* b0cdc83 : Add files via upload
* cf84346 : Update repo.log
* 1eb1a10 : Generate repo.log
* a4f8a30 : Set Author B to my Name; Uploaded report
* c6c8343 : Added error notifications to GUI
* 787f8fc : Completed all test files
* fa4929d : Update PizzaTests.java
* f9e06d2 : Update README.md
* fd0c3f2 : Update README.md
* 7664cf3 : Add files via upload
* b06c58d : Add files via upload
* aa50a9a : Add files via upload
* 6751d21 : Add files via upload
* 0b10ef8 : Add files via upload
* bd62505 : Add files via upload
* b049edc : Update README.md
* 95b198a : Update README.md
* 6aa5328 : Update README.md
* aaa1e04 : Completed more pizza tests and finished customer LogHandler
* 40375de : Completed pizza test cases
* a265622 : Completed Customer classes and pizzaRestaurant class
* d2f8e4a : Add files via upload
* dabc780 : Add files via upload
* bdf0ed2 : Add files via upload
* 31da338 : Add files via upload
* b4753a1 : Add files via upload
* 2ee8595 : Add files via upload
* 1b4e2be : Initial commit